=== Block Careers Monitor — 2026-02-28 08:42 ===

  https://block.xyz/careers
    Status: HTTP 200 | Jobs: N/A
  https://block.xyz/careers/jobs
    Status: HTTP 200 | Jobs: N/A
  https://www.block.xyz/careers
    Status: HTTP 200 | Jobs: N/A
  https://jobs.block.xyz
    Status: ERROR | Jobs: N/A
  https://boards-api.greenhouse.io/v1/boards/block/jobs
    Status: HTTP 200 | Jobs: N/A
  https://boards-api.greenhouse.io/v1/boards/squareup/jobs
    Status: HTTP 404 | Jobs: N/A
  https://boards-api.greenhouse.io/v1/boards/blockinc/jobs
    Status: HTTP 404 | Jobs: N/A

  Log saved: /Users/Research/Library/Mobile Documents/com~apple~CloudDocs/Agents/EquityVault/30_Companies/XYZ/careers_monitor_log.json

  No jobs found. Will check again tomorrow.
=== Block Careers Monitor — 2026-03-01 08:02 ===

  https://block.xyz/careers
    Status: HTTP 200 | Jobs: N/A
  https://block.xyz/careers/jobs
    Status: HTTP 200 | Jobs: N/A
  https://www.block.xyz/careers
    Status: HTTP 200 | Jobs: N/A
  https://jobs.block.xyz
    Status: ERROR | Jobs: N/A
  https://boards-api.greenhouse.io/v1/boards/block/jobs
    Status: HTTP 200 | Jobs: N/A
  https://boards-api.greenhouse.io/v1/boards/squareup/jobs
    Status: HTTP 404 | Jobs: N/A
  https://boards-api.greenhouse.io/v1/boards/blockinc/jobs
    Status: HTTP 404 | Jobs: N/A

  Log saved: /Users/Research/Library/Mobile Documents/com~apple~CloudDocs/Agents/EquityVault/30_Companies/XYZ/careers_monitor_log.json

  No jobs found. Will check again tomorrow.
=== Block Careers Monitor — 2026-03-06 08:00 ===

  https://block.xyz/careers
    Status: HTTP 200 | Jobs: N/A
  https://block.xyz/careers/jobs
    Status: HTTP 200 | Jobs: N/A
  https://www.block.xyz/careers
    Status: HTTP 200 | Jobs: N/A
  https://jobs.block.xyz
    Status: ERROR | Jobs: N/A
  https://boards-api.greenhouse.io/v1/boards/block/jobs
    Status: HTTP 200 | Jobs: N/A
  https://boards-api.greenhouse.io/v1/boards/squareup/jobs
    Status: HTTP 404 | Jobs: N/A
  https://boards-api.greenhouse.io/v1/boards/blockinc/jobs
    Status: HTTP 404 | Jobs: N/A

  Log saved: /Users/Research/Library/Mobile Documents/com~apple~CloudDocs/Agents/EquityVault/30_Companies/XYZ/careers_monitor_log.json

  No jobs found. Will check again tomorrow.
=== Block Careers Monitor — 2026-03-07 08:02 ===

  https://block.xyz/careers
    Status: HTTP 200 | Jobs: N/A
  https://block.xyz/careers/jobs
    Status: HTTP 200 | Jobs: N/A
  https://www.block.xyz/careers
    Status: HTTP 200 | Jobs: N/A
  https://jobs.block.xyz
    Status: ERROR | Jobs: N/A
  https://boards-api.greenhouse.io/v1/boards/block/jobs
    Status: HTTP 200 | Jobs: N/A
  https://boards-api.greenhouse.io/v1/boards/squareup/jobs
    Status: HTTP 404 | Jobs: N/A
  https://boards-api.greenhouse.io/v1/boards/blockinc/jobs
    Status: HTTP 404 | Jobs: N/A

  Log saved: /Users/Research/Library/Mobile Documents/com~apple~CloudDocs/Agents/EquityVault/30_Companies/XYZ/careers_monitor_log.json

  No jobs found. Will check again tomorrow.
=== Block Careers Monitor — 2026-03-08 08:00 ===

  https://block.xyz/careers
    Status: HTTP 200 | Jobs: N/A
  https://block.xyz/careers/jobs
    Status: HTTP 200 | Jobs: N/A
  https://www.block.xyz/careers
    Status: HTTP 200 | Jobs: N/A
  https://jobs.block.xyz
    Status: ERROR | Jobs: N/A
  https://boards-api.greenhouse.io/v1/boards/block/jobs
    Status: HTTP 200 | Jobs: N/A
  https://boards-api.greenhouse.io/v1/boards/squareup/jobs
    Status: HTTP 404 | Jobs: N/A
  https://boards-api.greenhouse.io/v1/boards/blockinc/jobs
    Status: HTTP 404 | Jobs: N/A

  Log saved: /Users/Research/Library/Mobile Documents/com~apple~CloudDocs/Agents/EquityVault/30_Companies/XYZ/careers_monitor_log.json

  No jobs found. Will check again tomorrow.
=== Block Careers Monitor — 2026-03-09 08:00 ===

  https://block.xyz/careers
    Status: HTTP 200 | Jobs: N/A
  https://block.xyz/careers/jobs
    Status: HTTP 200 | Jobs: N/A
  https://www.block.xyz/careers
    Status: HTTP 200 | Jobs: N/A
  https://jobs.block.xyz
    Status: ERROR | Jobs: N/A
  https://boards-api.greenhouse.io/v1/boards/block/jobs
    Status: HTTP 200 | Jobs: N/A
  https://boards-api.greenhouse.io/v1/boards/squareup/jobs
    Status: HTTP 404 | Jobs: N/A
  https://boards-api.greenhouse.io/v1/boards/blockinc/jobs
    Status: HTTP 404 | Jobs: N/A

  Log saved: /Users/Research/Library/Mobile Documents/com~apple~CloudDocs/Agents/EquityVault/30_Companies/XYZ/careers_monitor_log.json

  No jobs found. Will check again tomorrow.
=== Block Careers Monitor — 2026-03-11 08:02 ===

  https://block.xyz/careers
    Status: HTTP 200 | Jobs: N/A
  https://block.xyz/careers/jobs
    Status: HTTP 200 | Jobs: N/A
  https://www.block.xyz/careers
    Status: HTTP 200 | Jobs: N/A
  https://jobs.block.xyz
    Status: ERROR | Jobs: N/A
  https://boards-api.greenhouse.io/v1/boards/block/jobs
    Status: HTTP 200 | Jobs: N/A
  https://boards-api.greenhouse.io/v1/boards/squareup/jobs
    Status: HTTP 404 | Jobs: N/A
  https://boards-api.greenhouse.io/v1/boards/blockinc/jobs
    Status: HTTP 404 | Jobs: N/A

  Log saved: /Users/Research/Library/Mobile Documents/com~apple~CloudDocs/Agents/EquityVault/30_Companies/XYZ/careers_monitor_log.json

  No jobs found. Will check again tomorrow.
=== Block Careers Monitor — 2026-03-12 08:02 ===

  https://block.xyz/careers
    Status: HTTP 200 | Jobs: N/A
  https://block.xyz/careers/jobs
    Status: HTTP 200 | Jobs: N/A
  https://www.block.xyz/careers
    Status: HTTP 200 | Jobs: N/A
  https://jobs.block.xyz
    Status: ERROR | Jobs: N/A
  https://boards-api.greenhouse.io/v1/boards/block/jobs
    Status: HTTP 200 | Jobs: N/A
  https://boards-api.greenhouse.io/v1/boards/squareup/jobs
    Status: HTTP 404 | Jobs: N/A
  https://boards-api.greenhouse.io/v1/boards/blockinc/jobs
    Status: HTTP 404 | Jobs: N/A

  Log saved: /Users/Research/Library/Mobile Documents/com~apple~CloudDocs/Agents/EquityVault/30_Companies/XYZ/careers_monitor_log.json

  No jobs found. Will check again tomorrow.
=== Block Careers Monitor — 2026-03-14 08:00 ===

  https://block.xyz/careers
    Status: HTTP 200 | Jobs: N/A
  https://block.xyz/careers/jobs
    Status: HTTP 200 | Jobs: N/A
  https://www.block.xyz/careers
    Status: HTTP 200 | Jobs: N/A
  https://jobs.block.xyz
    Status: ERROR | Jobs: N/A
  https://boards-api.greenhouse.io/v1/boards/block/jobs
    Status: HTTP 200 | Jobs: N/A
  https://boards-api.greenhouse.io/v1/boards/squareup/jobs
    Status: HTTP 404 | Jobs: N/A
  https://boards-api.greenhouse.io/v1/boards/blockinc/jobs
    Status: HTTP 404 | Jobs: N/A

  Log saved: /Users/Research/Library/Mobile Documents/com~apple~CloudDocs/Agents/EquityVault/30_Companies/XYZ/careers_monitor_log.json

  No jobs found. Will check again tomorrow.
=== Block Careers Monitor — 2026-03-15 08:00 ===

  https://block.xyz/careers
    Status: HTTP 200 | Jobs: N/A
  https://block.xyz/careers/jobs
    Status: HTTP 200 | Jobs: N/A
  https://www.block.xyz/careers
    Status: HTTP 200 | Jobs: N/A
  https://jobs.block.xyz
    Status: ERROR | Jobs: N/A
  https://boards-api.greenhouse.io/v1/boards/block/jobs
    Status: HTTP 200 | Jobs: N/A
  https://boards-api.greenhouse.io/v1/boards/squareup/jobs
    Status: HTTP 404 | Jobs: N/A
  https://boards-api.greenhouse.io/v1/boards/blockinc/jobs
    Status: HTTP 404 | Jobs: N/A

  Log saved: /Users/Research/Library/Mobile Documents/com~apple~CloudDocs/Agents/EquityVault/30_Companies/XYZ/careers_monitor_log.json

  No jobs found. Will check again tomorrow.
=== Block Careers Monitor — 2026-03-16 08:00 ===

  https://block.xyz/careers
    Status: HTTP 200 | Jobs: N/A
  https://block.xyz/careers/jobs
    Status: HTTP 200 | Jobs: N/A
  https://www.block.xyz/careers
    Status: HTTP 200 | Jobs: N/A
  https://jobs.block.xyz
    Status: ERROR | Jobs: N/A
  https://boards-api.greenhouse.io/v1/boards/block/jobs
    Status: HTTP 200 | Jobs: N/A
  https://boards-api.greenhouse.io/v1/boards/squareup/jobs
    Status: HTTP 404 | Jobs: N/A
  https://boards-api.greenhouse.io/v1/boards/blockinc/jobs
    Status: HTTP 404 | Jobs: N/A

  Log saved: /Users/Research/Library/Mobile Documents/com~apple~CloudDocs/Agents/EquityVault/30_Companies/XYZ/careers_monitor_log.json

  No jobs found. Will check again tomorrow.
=== Block Careers Monitor — 2026-03-17 08:00 ===

  https://block.xyz/careers
    Status: HTTP 200 | Jobs: N/A
  https://block.xyz/careers/jobs
    Status: HTTP 200 | Jobs: N/A
  https://www.block.xyz/careers
    Status: HTTP 200 | Jobs: N/A
  https://jobs.block.xyz
    Status: ERROR | Jobs: N/A
  https://boards-api.greenhouse.io/v1/boards/block/jobs
    Status: HTTP 200 | Jobs: N/A
  https://boards-api.greenhouse.io/v1/boards/squareup/jobs
    Status: HTTP 404 | Jobs: N/A
  https://boards-api.greenhouse.io/v1/boards/blockinc/jobs
    Status: HTTP 404 | Jobs: N/A

  Log saved: /Users/Research/Library/Mobile Documents/com~apple~CloudDocs/Agents/EquityVault/30_Companies/XYZ/careers_monitor_log.json

  No jobs found. Will check again tomorrow.
=== Block Careers Monitor — 2026-03-18 08:00 ===

  https://block.xyz/careers
    Status: HTTP 200 | Jobs: N/A
  https://block.xyz/careers/jobs
    Status: HTTP 200 | Jobs: N/A
  https://www.block.xyz/careers
    Status: HTTP 200 | Jobs: N/A
  https://jobs.block.xyz
    Status: ERROR | Jobs: N/A
  https://boards-api.greenhouse.io/v1/boards/block/jobs
    Status: HTTP 200 | Jobs: 17 jobs
  https://boards-api.greenhouse.io/v1/boards/squareup/jobs
    Status: HTTP 404 | Jobs: N/A
  https://boards-api.greenhouse.io/v1/boards/blockinc/jobs
    Status: HTTP 404 | Jobs: N/A

  Log saved: /Users/Research/Library/Mobile Documents/com~apple~CloudDocs/Agents/EquityVault/30_Companies/XYZ/careers_monitor_log.json

============================================================
🚨 ALERT: JOBS DETECTED — RUN FULL SCRAPE
============================================================
=== Block Careers Monitor — 2026-03-19 08:00 ===

  https://block.xyz/careers
    Status: HTTP 200 | Jobs: N/A
  https://block.xyz/careers/jobs
    Status: HTTP 200 | Jobs: N/A
  https://www.block.xyz/careers
    Status: HTTP 200 | Jobs: N/A
  https://jobs.block.xyz
    Status: ERROR | Jobs: N/A
  https://boards-api.greenhouse.io/v1/boards/block/jobs
    Status: HTTP 200 | Jobs: 29 jobs
  https://boards-api.greenhouse.io/v1/boards/squareup/jobs
    Status: HTTP 404 | Jobs: N/A
  https://boards-api.greenhouse.io/v1/boards/blockinc/jobs
    Status: HTTP 404 | Jobs: N/A

  Log saved: /Users/Research/Library/Mobile Documents/com~apple~CloudDocs/Agents/EquityVault/30_Companies/XYZ/careers_monitor_log.json

============================================================
🚨 ALERT: JOBS DETECTED — RUN FULL SCRAPE
============================================================
=== Block Careers Monitor — 2026-03-20 08:00 ===

  https://block.xyz/careers
    Status: HTTP 200 | Jobs: N/A
  https://block.xyz/careers/jobs
    Status: HTTP 200 | Jobs: N/A
  https://www.block.xyz/careers
    Status: HTTP 200 | Jobs: N/A
  https://jobs.block.xyz
    Status: ERROR | Jobs: N/A
  https://boards-api.greenhouse.io/v1/boards/block/jobs
    Status: HTTP 200 | Jobs: 35 jobs
  https://boards-api.greenhouse.io/v1/boards/squareup/jobs
    Status: HTTP 404 | Jobs: N/A
  https://boards-api.greenhouse.io/v1/boards/blockinc/jobs
    Status: HTTP 404 | Jobs: N/A

  Log saved: /Users/Research/Library/Mobile Documents/com~apple~CloudDocs/Agents/EquityVault/30_Companies/XYZ/careers_monitor_log.json

============================================================
🚨 ALERT: JOBS DETECTED — RUN FULL SCRAPE
============================================================
=== Block Careers Monitor — 2026-03-23 08:03 ===

  https://block.xyz/careers
    Status: HTTP 200 | Jobs: N/A
  https://block.xyz/careers/jobs
    Status: HTTP 200 | Jobs: N/A
  https://www.block.xyz/careers
    Status: HTTP 200 | Jobs: N/A
  https://jobs.block.xyz
    Status: ERROR | Jobs: N/A
  https://boards-api.greenhouse.io/v1/boards/block/jobs
    Status: HTTP 200 | Jobs: 36 jobs
  https://boards-api.greenhouse.io/v1/boards/squareup/jobs
    Status: HTTP 404 | Jobs: N/A
  https://boards-api.greenhouse.io/v1/boards/blockinc/jobs
    Status: HTTP 404 | Jobs: N/A

  Log saved: /Users/Research/Library/Mobile Documents/com~apple~CloudDocs/Agents/EquityVault/30_Companies/XYZ/careers_monitor_log.json

============================================================
🚨 ALERT: JOBS DETECTED — RUN FULL SCRAPE
============================================================
=== Block Careers Monitor — 2026-03-24 08:00 ===

  https://block.xyz/careers
    Status: HTTP 200 | Jobs: N/A
  https://block.xyz/careers/jobs
    Status: HTTP 200 | Jobs: N/A
  https://www.block.xyz/careers
    Status: HTTP 200 | Jobs: N/A
  https://jobs.block.xyz
    Status: ERROR | Jobs: N/A
  https://boards-api.greenhouse.io/v1/boards/block/jobs
    Status: HTTP 200 | Jobs: 36 jobs
  https://boards-api.greenhouse.io/v1/boards/squareup/jobs
    Status: HTTP 404 | Jobs: N/A
  https://boards-api.greenhouse.io/v1/boards/blockinc/jobs
    Status: HTTP 404 | Jobs: N/A

  Log saved: /Users/Research/Library/Mobile Documents/com~apple~CloudDocs/Agents/EquityVault/30_Companies/XYZ/careers_monitor_log.json

============================================================
🚨 ALERT: JOBS DETECTED — RUN FULL SCRAPE
============================================================
=== Block Careers Monitor — 2026-03-25 08:00 ===

  https://block.xyz/careers
    Status: HTTP 200 | Jobs: N/A
  https://block.xyz/careers/jobs
    Status: HTTP 200 | Jobs: N/A
  https://www.block.xyz/careers
    Status: HTTP 200 | Jobs: N/A
  https://jobs.block.xyz
    Status: ERROR | Jobs: N/A
  https://boards-api.greenhouse.io/v1/boards/block/jobs
    Status: HTTP 200 | Jobs: 37 jobs
  https://boards-api.greenhouse.io/v1/boards/squareup/jobs
    Status: HTTP 404 | Jobs: N/A
  https://boards-api.greenhouse.io/v1/boards/blockinc/jobs
    Status: HTTP 404 | Jobs: N/A

  Log saved: /Users/Research/Library/Mobile Documents/com~apple~CloudDocs/Agents/EquityVault/30_Companies/XYZ/careers_monitor_log.json

============================================================
🚨 ALERT: JOBS DETECTED — RUN FULL SCRAPE
============================================================
=== Block Careers Monitor — 2026-03-26 08:00 ===

  https://block.xyz/careers
    Status: HTTP 200 | Jobs: N/A
  https://block.xyz/careers/jobs
    Status: HTTP 200 | Jobs: N/A
  https://www.block.xyz/careers
    Status: HTTP 200 | Jobs: N/A
  https://jobs.block.xyz
    Status: ERROR | Jobs: N/A
  https://boards-api.greenhouse.io/v1/boards/block/jobs
    Status: HTTP 200 | Jobs: 43 jobs
  https://boards-api.greenhouse.io/v1/boards/squareup/jobs
    Status: HTTP 404 | Jobs: N/A
  https://boards-api.greenhouse.io/v1/boards/blockinc/jobs
    Status: HTTP 404 | Jobs: N/A

  Log saved: /Users/Research/Library/Mobile Documents/com~apple~CloudDocs/Agents/EquityVault/30_Companies/XYZ/careers_monitor_log.json

============================================================
🚨 ALERT: JOBS DETECTED — RUN FULL SCRAPE
============================================================
=== Block Careers Monitor — 2026-03-27 08:00 ===

  https://block.xyz/careers
    Status: HTTP 200 | Jobs: N/A
  https://block.xyz/careers/jobs
    Status: HTTP 200 | Jobs: N/A
  https://www.block.xyz/careers
    Status: HTTP 200 | Jobs: N/A
  https://jobs.block.xyz
    Status: ERROR | Jobs: N/A
  https://boards-api.greenhouse.io/v1/boards/block/jobs
    Status: HTTP 200 | Jobs: 44 jobs
  https://boards-api.greenhouse.io/v1/boards/squareup/jobs
    Status: HTTP 404 | Jobs: N/A
  https://boards-api.greenhouse.io/v1/boards/blockinc/jobs
    Status: HTTP 404 | Jobs: N/A

  Log saved: /Users/Research/Library/Mobile Documents/com~apple~CloudDocs/Agents/EquityVault/30_Companies/XYZ/careers_monitor_log.json

============================================================
🚨 ALERT: JOBS DETECTED — RUN FULL SCRAPE
============================================================
=== Block Careers Monitor — 2026-03-28 08:00 ===

  https://block.xyz/careers
    Status: HTTP 200 | Jobs: N/A
  https://block.xyz/careers/jobs
    Status: HTTP 200 | Jobs: N/A
  https://www.block.xyz/careers
    Status: HTTP 200 | Jobs: N/A
  https://jobs.block.xyz
    Status: ERROR | Jobs: N/A
  https://boards-api.greenhouse.io/v1/boards/block/jobs
    Status: HTTP 200 | Jobs: 43 jobs
  https://boards-api.greenhouse.io/v1/boards/squareup/jobs
    Status: HTTP 404 | Jobs: N/A
  https://boards-api.greenhouse.io/v1/boards/blockinc/jobs
    Status: HTTP 404 | Jobs: N/A

  Log saved: /Users/Research/Library/Mobile Documents/com~apple~CloudDocs/Agents/EquityVault/30_Companies/XYZ/careers_monitor_log.json

============================================================
🚨 ALERT: JOBS DETECTED — RUN FULL SCRAPE
============================================================
=== Block Careers Monitor — 2026-03-29 08:00 ===

  https://block.xyz/careers
    Status: HTTP 200 | Jobs: N/A
  https://block.xyz/careers/jobs
    Status: HTTP 200 | Jobs: N/A
  https://www.block.xyz/careers
    Status: HTTP 200 | Jobs: N/A
  https://jobs.block.xyz
    Status: ERROR | Jobs: N/A
  https://boards-api.greenhouse.io/v1/boards/block/jobs
    Status: HTTP 200 | Jobs: 43 jobs
  https://boards-api.greenhouse.io/v1/boards/squareup/jobs
    Status: HTTP 404 | Jobs: N/A
  https://boards-api.greenhouse.io/v1/boards/blockinc/jobs
    Status: HTTP 404 | Jobs: N/A

  Log saved: /Users/Research/Library/Mobile Documents/com~apple~CloudDocs/Agents/EquityVault/30_Companies/XYZ/careers_monitor_log.json

============================================================
🚨 ALERT: JOBS DETECTED — RUN FULL SCRAPE
============================================================
=== Block Careers Monitor — 2026-03-30 08:00 ===

  https://block.xyz/careers
    Status: HTTP 200 | Jobs: N/A
  https://block.xyz/careers/jobs
    Status: HTTP 200 | Jobs: N/A
  https://www.block.xyz/careers
    Status: HTTP 200 | Jobs: N/A
  https://jobs.block.xyz
    Status: ERROR | Jobs: N/A
  https://boards-api.greenhouse.io/v1/boards/block/jobs
    Status: HTTP 200 | Jobs: 43 jobs
  https://boards-api.greenhouse.io/v1/boards/squareup/jobs
    Status: HTTP 404 | Jobs: N/A
  https://boards-api.greenhouse.io/v1/boards/blockinc/jobs
    Status: HTTP 404 | Jobs: N/A

  Log saved: /Users/Research/Library/Mobile Documents/com~apple~CloudDocs/Agents/EquityVault/30_Companies/XYZ/careers_monitor_log.json

============================================================
🚨 ALERT: JOBS DETECTED — RUN FULL SCRAPE
============================================================
=== Block Careers Monitor — 2026-03-31 08:00 ===

  https://block.xyz/careers
    Status: HTTP 200 | Jobs: N/A
  https://block.xyz/careers/jobs
    Status: HTTP 200 | Jobs: N/A
  https://www.block.xyz/careers
    Status: HTTP 200 | Jobs: N/A
  https://jobs.block.xyz
    Status: ERROR | Jobs: N/A
  https://boards-api.greenhouse.io/v1/boards/block/jobs
    Status: HTTP 200 | Jobs: 48 jobs
  https://boards-api.greenhouse.io/v1/boards/squareup/jobs
    Status: HTTP 404 | Jobs: N/A
  https://boards-api.greenhouse.io/v1/boards/blockinc/jobs
    Status: HTTP 404 | Jobs: N/A

  Log saved: /Users/Research/Library/Mobile Documents/com~apple~CloudDocs/Agents/EquityVault/30_Companies/XYZ/careers_monitor_log.json

============================================================
🚨 ALERT: JOBS DETECTED — RUN FULL SCRAPE
============================================================
=== Block Careers Monitor — 2026-04-01 08:00 ===

  https://block.xyz/careers
    Status: HTTP 200 | Jobs: N/A
  https://block.xyz/careers/jobs
    Status: HTTP 200 | Jobs: N/A
  https://www.block.xyz/careers
    Status: HTTP 200 | Jobs: N/A
  https://jobs.block.xyz
    Status: ERROR | Jobs: N/A
  https://boards-api.greenhouse.io/v1/boards/block/jobs
    Status: HTTP 200 | Jobs: 45 jobs
  https://boards-api.greenhouse.io/v1/boards/squareup/jobs
    Status: HTTP 404 | Jobs: N/A
  https://boards-api.greenhouse.io/v1/boards/blockinc/jobs
    Status: HTTP 404 | Jobs: N/A

  Log saved: /Users/Research/Library/Mobile Documents/com~apple~CloudDocs/Agents/EquityVault/30_Companies/XYZ/careers_monitor_log.json

============================================================
🚨 ALERT: JOBS DETECTED — RUN FULL SCRAPE
============================================================
=== Block Careers Monitor — 2026-04-02 08:00 ===

  https://block.xyz/careers
    Status: HTTP 200 | Jobs: N/A
  https://block.xyz/careers/jobs
    Status: HTTP 200 | Jobs: N/A
  https://www.block.xyz/careers
    Status: HTTP 200 | Jobs: N/A
  https://jobs.block.xyz
    Status: ERROR | Jobs: N/A
  https://boards-api.greenhouse.io/v1/boards/block/jobs
    Status: HTTP 200 | Jobs: 47 jobs
  https://boards-api.greenhouse.io/v1/boards/squareup/jobs
    Status: HTTP 404 | Jobs: N/A
  https://boards-api.greenhouse.io/v1/boards/blockinc/jobs
    Status: HTTP 404 | Jobs: N/A

  Log saved: /Users/Research/Library/Mobile Documents/com~apple~CloudDocs/Agents/EquityVault/30_Companies/XYZ/careers_monitor_log.json

============================================================
🚨 ALERT: JOBS DETECTED — RUN FULL SCRAPE
============================================================
=== Block Careers Monitor — 2026-04-03 08:00 ===

  https://block.xyz/careers
    Status: HTTP 200 | Jobs: N/A
  https://block.xyz/careers/jobs
    Status: HTTP 200 | Jobs: N/A
  https://www.block.xyz/careers
    Status: HTTP 200 | Jobs: N/A
  https://jobs.block.xyz
    Status: ERROR | Jobs: N/A
  https://boards-api.greenhouse.io/v1/boards/block/jobs
    Status: HTTP 200 | Jobs: 50 jobs
  https://boards-api.greenhouse.io/v1/boards/squareup/jobs
    Status: HTTP 404 | Jobs: N/A
  https://boards-api.greenhouse.io/v1/boards/blockinc/jobs
    Status: HTTP 404 | Jobs: N/A

  Log saved: /Users/Research/Library/Mobile Documents/com~apple~CloudDocs/Agents/EquityVault/30_Companies/XYZ/careers_monitor_log.json

============================================================
🚨 ALERT: JOBS DETECTED — RUN FULL SCRAPE
============================================================
=== Block Careers Monitor — 2026-04-04 08:00 ===

  https://block.xyz/careers
    Status: HTTP 200 | Jobs: N/A
  https://block.xyz/careers/jobs
    Status: HTTP 200 | Jobs: N/A
  https://www.block.xyz/careers
    Status: HTTP 200 | Jobs: N/A
  https://jobs.block.xyz
    Status: ERROR | Jobs: N/A
  https://boards-api.greenhouse.io/v1/boards/block/jobs
    Status: HTTP 200 | Jobs: 48 jobs
  https://boards-api.greenhouse.io/v1/boards/squareup/jobs
    Status: HTTP 404 | Jobs: N/A
  https://boards-api.greenhouse.io/v1/boards/blockinc/jobs
    Status: HTTP 404 | Jobs: N/A

  Log saved: /Users/Research/Library/Mobile Documents/com~apple~CloudDocs/Agents/EquityVault/30_Companies/XYZ/careers_monitor_log.json

============================================================
🚨 ALERT: JOBS DETECTED — RUN FULL SCRAPE
============================================================
=== Block Careers Monitor — 2026-04-05 08:00 ===

  https://block.xyz/careers
    Status: HTTP 200 | Jobs: N/A
  https://block.xyz/careers/jobs
    Status: HTTP 200 | Jobs: N/A
  https://www.block.xyz/careers
    Status: HTTP 200 | Jobs: N/A
  https://jobs.block.xyz
    Status: ERROR | Jobs: N/A
  https://boards-api.greenhouse.io/v1/boards/block/jobs
    Status: HTTP 200 | Jobs: 48 jobs
  https://boards-api.greenhouse.io/v1/boards/squareup/jobs
    Status: HTTP 404 | Jobs: N/A
  https://boards-api.greenhouse.io/v1/boards/blockinc/jobs
    Status: HTTP 404 | Jobs: N/A

  Log saved: /Users/Research/Library/Mobile Documents/com~apple~CloudDocs/Agents/EquityVault/30_Companies/XYZ/careers_monitor_log.json

============================================================
🚨 ALERT: JOBS DETECTED — RUN FULL SCRAPE
============================================================
=== Block Careers Monitor — 2026-04-06 08:00 ===

  https://block.xyz/careers
    Status: HTTP 200 | Jobs: N/A
  https://block.xyz/careers/jobs
    Status: HTTP 200 | Jobs: N/A
  https://www.block.xyz/careers
    Status: HTTP 200 | Jobs: N/A
  https://jobs.block.xyz
    Status: ERROR | Jobs: N/A
  https://boards-api.greenhouse.io/v1/boards/block/jobs
    Status: HTTP 200 | Jobs: 48 jobs
  https://boards-api.greenhouse.io/v1/boards/squareup/jobs
    Status: HTTP 404 | Jobs: N/A
  https://boards-api.greenhouse.io/v1/boards/blockinc/jobs
    Status: HTTP 404 | Jobs: N/A

  Log saved: /Users/Research/Library/Mobile Documents/com~apple~CloudDocs/Agents/EquityVault/30_Companies/XYZ/careers_monitor_log.json

============================================================
🚨 ALERT: JOBS DETECTED — RUN FULL SCRAPE
============================================================
=== Block Careers Monitor — 2026-04-07 08:00 ===

  https://block.xyz/careers
    Status: HTTP 200 | Jobs: N/A
  https://block.xyz/careers/jobs
    Status: HTTP 200 | Jobs: N/A
  https://www.block.xyz/careers
    Status: HTTP 200 | Jobs: N/A
  https://jobs.block.xyz
    Status: ERROR | Jobs: N/A
  https://boards-api.greenhouse.io/v1/boards/block/jobs
    Status: HTTP 200 | Jobs: 49 jobs
  https://boards-api.greenhouse.io/v1/boards/squareup/jobs
    Status: HTTP 404 | Jobs: N/A
  https://boards-api.greenhouse.io/v1/boards/blockinc/jobs
    Status: HTTP 404 | Jobs: N/A

  Log saved: /Users/Research/Library/Mobile Documents/com~apple~CloudDocs/Agents/EquityVault/30_Companies/XYZ/careers_monitor_log.json

============================================================
🚨 ALERT: JOBS DETECTED — RUN FULL SCRAPE
============================================================
=== Block Careers Monitor — 2026-04-08 08:00 ===

  https://block.xyz/careers
    Status: HTTP 200 | Jobs: N/A
  https://block.xyz/careers/jobs
    Status: HTTP 200 | Jobs: N/A
  https://www.block.xyz/careers
    Status: HTTP 200 | Jobs: N/A
  https://jobs.block.xyz
    Status: ERROR | Jobs: N/A
  https://boards-api.greenhouse.io/v1/boards/block/jobs
    Status: HTTP 200 | Jobs: 52 jobs
  https://boards-api.greenhouse.io/v1/boards/squareup/jobs
    Status: HTTP 404 | Jobs: N/A
  https://boards-api.greenhouse.io/v1/boards/blockinc/jobs
    Status: HTTP 404 | Jobs: N/A

  Log saved: /Users/Research/Library/Mobile Documents/com~apple~CloudDocs/Agents/EquityVault/30_Companies/XYZ/careers_monitor_log.json

============================================================
🚨 ALERT: JOBS DETECTED — RUN FULL SCRAPE
============================================================
=== Block Careers Monitor — 2026-04-09 08:00 ===

  https://block.xyz/careers
    Status: HTTP 200 | Jobs: N/A
  https://block.xyz/careers/jobs
    Status: HTTP 200 | Jobs: N/A
  https://www.block.xyz/careers
    Status: HTTP 200 | Jobs: N/A
  https://jobs.block.xyz
    Status: ERROR | Jobs: N/A
  https://boards-api.greenhouse.io/v1/boards/block/jobs
    Status: HTTP 200 | Jobs: 78 jobs
  https://boards-api.greenhouse.io/v1/boards/squareup/jobs
    Status: HTTP 404 | Jobs: N/A
  https://boards-api.greenhouse.io/v1/boards/blockinc/jobs
    Status: HTTP 404 | Jobs: N/A

  Log saved: /Users/Research/Library/Mobile Documents/com~apple~CloudDocs/Agents/EquityVault/30_Companies/XYZ/careers_monitor_log.json

============================================================
🚨 ALERT: JOBS DETECTED — RUN FULL SCRAPE
============================================================
=== Block Careers Monitor — 2026-04-10 08:00 ===

  https://block.xyz/careers
    Status: HTTP 200 | Jobs: N/A
  https://block.xyz/careers/jobs
    Status: HTTP 200 | Jobs: N/A
  https://www.block.xyz/careers
    Status: HTTP 200 | Jobs: N/A
  https://jobs.block.xyz
    Status: ERROR | Jobs: N/A
  https://boards-api.greenhouse.io/v1/boards/block/jobs
    Status: HTTP 200 | Jobs: 84 jobs
  https://boards-api.greenhouse.io/v1/boards/squareup/jobs
    Status: HTTP 404 | Jobs: N/A
  https://boards-api.greenhouse.io/v1/boards/blockinc/jobs
    Status: HTTP 404 | Jobs: N/A

  Log saved: /Users/Research/Library/Mobile Documents/com~apple~CloudDocs/Agents/EquityVault/30_Companies/XYZ/careers_monitor_log.json

============================================================
🚨 ALERT: JOBS DETECTED — RUN FULL SCRAPE
============================================================
=== Block Careers Monitor — 2026-04-11 08:00 ===

  https://block.xyz/careers
    Status: HTTP 200 | Jobs: N/A
  https://block.xyz/careers/jobs
    Status: HTTP 200 | Jobs: N/A
  https://www.block.xyz/careers
    Status: HTTP 200 | Jobs: N/A
  https://jobs.block.xyz
    Status: ERROR | Jobs: N/A
  https://boards-api.greenhouse.io/v1/boards/block/jobs
    Status: HTTP 200 | Jobs: 88 jobs
  https://boards-api.greenhouse.io/v1/boards/squareup/jobs
    Status: HTTP 404 | Jobs: N/A
  https://boards-api.greenhouse.io/v1/boards/blockinc/jobs
    Status: HTTP 404 | Jobs: N/A

  Log saved: /Users/Research/Library/Mobile Documents/com~apple~CloudDocs/Agents/EquityVault/30_Companies/XYZ/careers_monitor_log.json

============================================================
🚨 ALERT: JOBS DETECTED — RUN FULL SCRAPE
============================================================
=== Block Careers Monitor — 2026-04-12 08:00 ===

  https://block.xyz/careers
    Status: HTTP 200 | Jobs: N/A
  https://block.xyz/careers/jobs
    Status: HTTP 200 | Jobs: N/A
  https://www.block.xyz/careers
    Status: HTTP 200 | Jobs: N/A
  https://jobs.block.xyz
    Status: ERROR | Jobs: N/A
  https://boards-api.greenhouse.io/v1/boards/block/jobs
    Status: HTTP 200 | Jobs: 88 jobs
  https://boards-api.greenhouse.io/v1/boards/squareup/jobs
    Status: HTTP 404 | Jobs: N/A
  https://boards-api.greenhouse.io/v1/boards/blockinc/jobs
    Status: HTTP 404 | Jobs: N/A

  Log saved: /Users/Research/Library/Mobile Documents/com~apple~CloudDocs/Agents/EquityVault/30_Companies/XYZ/careers_monitor_log.json

============================================================
🚨 ALERT: JOBS DETECTED — RUN FULL SCRAPE
============================================================
=== Block Careers Monitor — 2026-04-13 08:00 ===

  https://block.xyz/careers
    Status: HTTP 200 | Jobs: N/A
  https://block.xyz/careers/jobs
    Status: HTTP 200 | Jobs: N/A
  https://www.block.xyz/careers
    Status: HTTP 200 | Jobs: N/A
  https://jobs.block.xyz
    Status: ERROR | Jobs: N/A
  https://boards-api.greenhouse.io/v1/boards/block/jobs
    Status: HTTP 200 | Jobs: 95 jobs
  https://boards-api.greenhouse.io/v1/boards/squareup/jobs
    Status: HTTP 404 | Jobs: N/A
  https://boards-api.greenhouse.io/v1/boards/blockinc/jobs
    Status: HTTP 404 | Jobs: N/A

  Log saved: /Users/Research/Library/Mobile Documents/com~apple~CloudDocs/Agents/EquityVault/30_Companies/XYZ/careers_monitor_log.json

============================================================
🚨 ALERT: JOBS DETECTED — RUN FULL SCRAPE
============================================================
=== Block Careers Monitor — 2026-04-14 08:00 ===

  https://block.xyz/careers
    Status: HTTP 200 | Jobs: N/A
  https://block.xyz/careers/jobs
    Status: HTTP 200 | Jobs: N/A
  https://www.block.xyz/careers
    Status: HTTP 200 | Jobs: N/A
  https://jobs.block.xyz
    Status: ERROR | Jobs: N/A
  https://boards-api.greenhouse.io/v1/boards/block/jobs
    Status: HTTP 200 | Jobs: 99 jobs
  https://boards-api.greenhouse.io/v1/boards/squareup/jobs
    Status: HTTP 404 | Jobs: N/A
  https://boards-api.greenhouse.io/v1/boards/blockinc/jobs
    Status: HTTP 404 | Jobs: N/A

  Log saved: /Users/Research/Library/Mobile Documents/com~apple~CloudDocs/Agents/EquityVault/30_Companies/XYZ/careers_monitor_log.json

============================================================
🚨 ALERT: JOBS DETECTED — RUN FULL SCRAPE
============================================================
=== Block Careers Monitor — 2026-04-15 08:00 ===

  https://block.xyz/careers
    Status: HTTP 200 | Jobs: N/A
  https://block.xyz/careers/jobs
    Status: HTTP 200 | Jobs: N/A
  https://www.block.xyz/careers
    Status: HTTP 200 | Jobs: N/A
  https://jobs.block.xyz
    Status: ERROR | Jobs: N/A
  https://boards-api.greenhouse.io/v1/boards/block/jobs
    Status: HTTP 200 | Jobs: 108 jobs
  https://boards-api.greenhouse.io/v1/boards/squareup/jobs
    Status: HTTP 404 | Jobs: N/A
  https://boards-api.greenhouse.io/v1/boards/blockinc/jobs
    Status: HTTP 404 | Jobs: N/A

  Log saved: /Users/Research/Library/Mobile Documents/com~apple~CloudDocs/Agents/EquityVault/30_Companies/XYZ/careers_monitor_log.json

============================================================
🚨 ALERT: JOBS DETECTED — RUN FULL SCRAPE
============================================================
=== Block Careers Monitor — 2026-04-16 08:00 ===

  https://block.xyz/careers
    Status: HTTP 200 | Jobs: N/A
  https://block.xyz/careers/jobs
    Status: HTTP 200 | Jobs: N/A
  https://www.block.xyz/careers
    Status: HTTP 200 | Jobs: N/A
  https://jobs.block.xyz
    Status: ERROR | Jobs: N/A
  https://boards-api.greenhouse.io/v1/boards/block/jobs
    Status: HTTP 200 | Jobs: 120 jobs
  https://boards-api.greenhouse.io/v1/boards/squareup/jobs
    Status: HTTP 404 | Jobs: N/A
  https://boards-api.greenhouse.io/v1/boards/blockinc/jobs
    Status: HTTP 404 | Jobs: N/A

  Log saved: /Users/Research/Library/Mobile Documents/com~apple~CloudDocs/Agents/EquityVault/30_Companies/XYZ/careers_monitor_log.json

============================================================
🚨 ALERT: JOBS DETECTED — RUN FULL SCRAPE
============================================================
=== Block Careers Monitor — 2026-04-17 08:00 ===

  https://block.xyz/careers
    Status: HTTP 200 | Jobs: N/A
  https://block.xyz/careers/jobs
    Status: HTTP 200 | Jobs: N/A
  https://www.block.xyz/careers
    Status: HTTP 200 | Jobs: N/A
  https://jobs.block.xyz
    Status: ERROR | Jobs: N/A
  https://boards-api.greenhouse.io/v1/boards/block/jobs
    Status: HTTP 200 | Jobs: 132 jobs
  https://boards-api.greenhouse.io/v1/boards/squareup/jobs
    Status: HTTP 404 | Jobs: N/A
  https://boards-api.greenhouse.io/v1/boards/blockinc/jobs
    Status: HTTP 404 | Jobs: N/A

  Log saved: /Users/Research/Library/Mobile Documents/com~apple~CloudDocs/Agents/EquityVault/30_Companies/XYZ/careers_monitor_log.json

============================================================
🚨 ALERT: JOBS DETECTED — RUN FULL SCRAPE
============================================================
=== Block Careers Monitor — 2026-04-18 08:00 ===

  https://block.xyz/careers
    Status: HTTP 200 | Jobs: N/A
  https://block.xyz/careers/jobs
    Status: HTTP 200 | Jobs: N/A
  https://www.block.xyz/careers
    Status: HTTP 200 | Jobs: N/A
  https://jobs.block.xyz
    Status: ERROR | Jobs: N/A
  https://boards-api.greenhouse.io/v1/boards/block/jobs
    Status: HTTP 200 | Jobs: 140 jobs
  https://boards-api.greenhouse.io/v1/boards/squareup/jobs
    Status: HTTP 404 | Jobs: N/A
  https://boards-api.greenhouse.io/v1/boards/blockinc/jobs
    Status: HTTP 404 | Jobs: N/A

  Log saved: /Users/Research/Library/Mobile Documents/com~apple~CloudDocs/Agents/EquityVault/30_Companies/XYZ/careers_monitor_log.json

============================================================
🚨 ALERT: JOBS DETECTED — RUN FULL SCRAPE
============================================================
=== Block Careers Monitor — 2026-04-19 08:00 ===

  https://block.xyz/careers
    Status: HTTP 200 | Jobs: N/A
  https://block.xyz/careers/jobs
    Status: HTTP 200 | Jobs: N/A
  https://www.block.xyz/careers
    Status: HTTP 200 | Jobs: N/A
  https://jobs.block.xyz
    Status: ERROR | Jobs: N/A
  https://boards-api.greenhouse.io/v1/boards/block/jobs
    Status: HTTP 200 | Jobs: 140 jobs
  https://boards-api.greenhouse.io/v1/boards/squareup/jobs
    Status: HTTP 404 | Jobs: N/A
  https://boards-api.greenhouse.io/v1/boards/blockinc/jobs
    Status: HTTP 404 | Jobs: N/A

  Log saved: /Users/Research/Library/Mobile Documents/com~apple~CloudDocs/Agents/EquityVault/30_Companies/XYZ/careers_monitor_log.json

============================================================
🚨 ALERT: JOBS DETECTED — RUN FULL SCRAPE
============================================================
=== Block Careers Monitor — 2026-04-20 08:00 ===

  https://block.xyz/careers
    Status: HTTP 200 | Jobs: N/A
  https://block.xyz/careers/jobs
    Status: HTTP 200 | Jobs: N/A
  https://www.block.xyz/careers
    Status: HTTP 200 | Jobs: N/A
  https://jobs.block.xyz
    Status: ERROR | Jobs: N/A
  https://boards-api.greenhouse.io/v1/boards/block/jobs
    Status: HTTP 200 | Jobs: 139 jobs
  https://boards-api.greenhouse.io/v1/boards/squareup/jobs
    Status: HTTP 404 | Jobs: N/A
  https://boards-api.greenhouse.io/v1/boards/blockinc/jobs
    Status: HTTP 404 | Jobs: N/A

  Log saved: /Users/Research/Library/Mobile Documents/com~apple~CloudDocs/Agents/EquityVault/30_Companies/XYZ/careers_monitor_log.json

============================================================
🚨 ALERT: JOBS DETECTED — RUN FULL SCRAPE
============================================================
=== Block Careers Monitor — 2026-04-21 08:00 ===

  https://block.xyz/careers
    Status: HTTP 200 | Jobs: N/A
  https://block.xyz/careers/jobs
    Status: HTTP 200 | Jobs: N/A
  https://www.block.xyz/careers
    Status: HTTP 200 | Jobs: N/A
  https://jobs.block.xyz
    Status: ERROR | Jobs: N/A
  https://boards-api.greenhouse.io/v1/boards/block/jobs
    Status: HTTP 200 | Jobs: 141 jobs
  https://boards-api.greenhouse.io/v1/boards/squareup/jobs
    Status: HTTP 404 | Jobs: N/A
  https://boards-api.greenhouse.io/v1/boards/blockinc/jobs
    Status: HTTP 404 | Jobs: N/A

  Log saved: /Users/Research/Library/Mobile Documents/com~apple~CloudDocs/Agents/EquityVault/30_Companies/XYZ/careers_monitor_log.json

============================================================
🚨 ALERT: JOBS DETECTED — RUN FULL SCRAPE
============================================================
=== Block Careers Monitor — 2026-04-22 08:00 ===

  https://block.xyz/careers
    Status: HTTP 200 | Jobs: N/A
  https://block.xyz/careers/jobs
    Status: HTTP 200 | Jobs: N/A
  https://www.block.xyz/careers
    Status: HTTP 200 | Jobs: N/A
  https://jobs.block.xyz
    Status: ERROR | Jobs: N/A
  https://boards-api.greenhouse.io/v1/boards/block/jobs
    Status: HTTP 200 | Jobs: 141 jobs
  https://boards-api.greenhouse.io/v1/boards/squareup/jobs
    Status: HTTP 404 | Jobs: N/A
  https://boards-api.greenhouse.io/v1/boards/blockinc/jobs
    Status: HTTP 404 | Jobs: N/A

  Log saved: /Users/Research/Library/Mobile Documents/com~apple~CloudDocs/Agents/EquityVault/30_Companies/XYZ/careers_monitor_log.json

============================================================
🚨 ALERT: JOBS DETECTED — RUN FULL SCRAPE
============================================================
=== Block Careers Monitor — 2026-04-23 08:00 ===

  https://block.xyz/careers
    Status: HTTP 200 | Jobs: N/A
  https://block.xyz/careers/jobs
    Status: HTTP 200 | Jobs: N/A
  https://www.block.xyz/careers
    Status: HTTP 200 | Jobs: N/A
  https://jobs.block.xyz
    Status: ERROR | Jobs: N/A
  https://boards-api.greenhouse.io/v1/boards/block/jobs
    Status: HTTP 200 | Jobs: 139 jobs
  https://boards-api.greenhouse.io/v1/boards/squareup/jobs
    Status: HTTP 404 | Jobs: N/A
  https://boards-api.greenhouse.io/v1/boards/blockinc/jobs
    Status: HTTP 404 | Jobs: N/A

  Log saved: /Users/Research/Library/Mobile Documents/com~apple~CloudDocs/Agents/EquityVault/30_Companies/XYZ/careers_monitor_log.json

============================================================
🚨 ALERT: JOBS DETECTED — RUN FULL SCRAPE
============================================================
=== Block Careers Monitor — 2026-04-24 08:00 ===

  https://block.xyz/careers
    Status: HTTP 200 | Jobs: N/A
  https://block.xyz/careers/jobs
    Status: HTTP 200 | Jobs: N/A
  https://www.block.xyz/careers
    Status: HTTP 200 | Jobs: N/A
  https://jobs.block.xyz
    Status: ERROR | Jobs: N/A
  https://boards-api.greenhouse.io/v1/boards/block/jobs
    Status: HTTP 200 | Jobs: 146 jobs
  https://boards-api.greenhouse.io/v1/boards/squareup/jobs
    Status: HTTP 404 | Jobs: N/A
  https://boards-api.greenhouse.io/v1/boards/blockinc/jobs
    Status: HTTP 404 | Jobs: N/A

  Log saved: /Users/Research/Library/Mobile Documents/com~apple~CloudDocs/Agents/EquityVault/30_Companies/XYZ/careers_monitor_log.json

============================================================
🚨 ALERT: JOBS DETECTED — RUN FULL SCRAPE
============================================================
=== Block Careers Monitor — 2026-04-25 08:00 ===

  https://block.xyz/careers
    Status: HTTP 200 | Jobs: N/A
  https://block.xyz/careers/jobs
    Status: HTTP 200 | Jobs: N/A
  https://www.block.xyz/careers
    Status: HTTP 200 | Jobs: N/A
  https://jobs.block.xyz
    Status: ERROR | Jobs: N/A
  https://boards-api.greenhouse.io/v1/boards/block/jobs
    Status: HTTP 200 | Jobs: 145 jobs
  https://boards-api.greenhouse.io/v1/boards/squareup/jobs
    Status: HTTP 404 | Jobs: N/A
  https://boards-api.greenhouse.io/v1/boards/blockinc/jobs
    Status: HTTP 404 | Jobs: N/A

  Log saved: /Users/Research/Library/Mobile Documents/com~apple~CloudDocs/Agents/EquityVault/30_Companies/XYZ/careers_monitor_log.json

============================================================
🚨 ALERT: JOBS DETECTED — RUN FULL SCRAPE
============================================================
=== Block Careers Monitor — 2026-04-26 08:00 ===

  https://block.xyz/careers
    Status: HTTP 200 | Jobs: N/A
  https://block.xyz/careers/jobs
    Status: HTTP 200 | Jobs: N/A
  https://www.block.xyz/careers
    Status: HTTP 200 | Jobs: N/A
  https://jobs.block.xyz
    Status: ERROR | Jobs: N/A
  https://boards-api.greenhouse.io/v1/boards/block/jobs
    Status: HTTP 200 | Jobs: 145 jobs
  https://boards-api.greenhouse.io/v1/boards/squareup/jobs
    Status: HTTP 404 | Jobs: N/A
  https://boards-api.greenhouse.io/v1/boards/blockinc/jobs
    Status: HTTP 404 | Jobs: N/A

  Log saved: /Users/Research/Library/Mobile Documents/com~apple~CloudDocs/Agents/EquityVault/30_Companies/XYZ/careers_monitor_log.json

============================================================
🚨 ALERT: JOBS DETECTED — RUN FULL SCRAPE
============================================================
=== Block Careers Monitor — 2026-04-27 08:00 ===

  https://block.xyz/careers
    Status: HTTP 200 | Jobs: N/A
  https://block.xyz/careers/jobs
    Status: HTTP 200 | Jobs: N/A
  https://www.block.xyz/careers
    Status: HTTP 200 | Jobs: N/A
  https://jobs.block.xyz
    Status: ERROR | Jobs: N/A
  https://boards-api.greenhouse.io/v1/boards/block/jobs
    Status: HTTP 200 | Jobs: 145 jobs
  https://boards-api.greenhouse.io/v1/boards/squareup/jobs
    Status: HTTP 404 | Jobs: N/A
  https://boards-api.greenhouse.io/v1/boards/blockinc/jobs
    Status: HTTP 404 | Jobs: N/A

  Log saved: /Users/Research/Library/Mobile Documents/com~apple~CloudDocs/Agents/EquityVault/30_Companies/XYZ/careers_monitor_log.json

============================================================
🚨 ALERT: JOBS DETECTED — RUN FULL SCRAPE
============================================================
=== Block Careers Monitor — 2026-04-28 08:00 ===

  https://block.xyz/careers
    Status: HTTP 200 | Jobs: N/A
  https://block.xyz/careers/jobs
    Status: HTTP 200 | Jobs: N/A
  https://www.block.xyz/careers
    Status: HTTP 200 | Jobs: N/A
  https://jobs.block.xyz
    Status: ERROR | Jobs: N/A
  https://boards-api.greenhouse.io/v1/boards/block/jobs
    Status: HTTP 200 | Jobs: 149 jobs
  https://boards-api.greenhouse.io/v1/boards/squareup/jobs
    Status: HTTP 404 | Jobs: N/A
  https://boards-api.greenhouse.io/v1/boards/blockinc/jobs
    Status: HTTP 404 | Jobs: N/A

  Log saved: /Users/Research/Library/Mobile Documents/com~apple~CloudDocs/Agents/EquityVault/30_Companies/XYZ/careers_monitor_log.json

============================================================
🚨 ALERT: JOBS DETECTED — RUN FULL SCRAPE
============================================================
=== Block Careers Monitor — 2026-04-29 08:00 ===

  https://block.xyz/careers
    Status: HTTP 200 | Jobs: N/A
  https://block.xyz/careers/jobs
    Status: HTTP 200 | Jobs: N/A
  https://www.block.xyz/careers
    Status: HTTP 200 | Jobs: N/A
  https://jobs.block.xyz
    Status: ERROR | Jobs: N/A
  https://boards-api.greenhouse.io/v1/boards/block/jobs
    Status: HTTP 200 | Jobs: 151 jobs
  https://boards-api.greenhouse.io/v1/boards/squareup/jobs
    Status: HTTP 404 | Jobs: N/A
  https://boards-api.greenhouse.io/v1/boards/blockinc/jobs
    Status: HTTP 404 | Jobs: N/A

  Log saved: /Users/Research/Library/Mobile Documents/com~apple~CloudDocs/Agents/EquityVault/30_Companies/XYZ/careers_monitor_log.json

============================================================
🚨 ALERT: JOBS DETECTED — RUN FULL SCRAPE
============================================================
=== Block Careers Monitor — 2026-04-30 08:00 ===

  https://block.xyz/careers
    Status: HTTP 200 | Jobs: N/A
  https://block.xyz/careers/jobs
    Status: HTTP 200 | Jobs: N/A
  https://www.block.xyz/careers
    Status: HTTP 200 | Jobs: N/A
  https://jobs.block.xyz
    Status: ERROR | Jobs: N/A
  https://boards-api.greenhouse.io/v1/boards/block/jobs
    Status: HTTP 200 | Jobs: 155 jobs
  https://boards-api.greenhouse.io/v1/boards/squareup/jobs
    Status: HTTP 404 | Jobs: N/A
  https://boards-api.greenhouse.io/v1/boards/blockinc/jobs
    Status: HTTP 404 | Jobs: N/A

  Log saved: /Users/Research/Library/Mobile Documents/com~apple~CloudDocs/Agents/EquityVault/30_Companies/XYZ/careers_monitor_log.json

============================================================
🚨 ALERT: JOBS DETECTED — RUN FULL SCRAPE
============================================================
=== Block Careers Monitor — 2026-05-01 08:00 ===

  https://block.xyz/careers
    Status: HTTP 200 | Jobs: N/A
  https://block.xyz/careers/jobs
    Status: HTTP 200 | Jobs: N/A
  https://www.block.xyz/careers
    Status: HTTP 200 | Jobs: N/A
  https://jobs.block.xyz
    Status: ERROR | Jobs: N/A
  https://boards-api.greenhouse.io/v1/boards/block/jobs
    Status: HTTP 200 | Jobs: 166 jobs
  https://boards-api.greenhouse.io/v1/boards/squareup/jobs
    Status: HTTP 404 | Jobs: N/A
  https://boards-api.greenhouse.io/v1/boards/blockinc/jobs
    Status: HTTP 404 | Jobs: N/A

  Log saved: /Users/Research/Library/Mobile Documents/com~apple~CloudDocs/Agents/EquityVault/30_Companies/XYZ/careers_monitor_log.json

============================================================
🚨 ALERT: JOBS DETECTED — RUN FULL SCRAPE
============================================================
=== Block Careers Monitor — 2026-05-02 08:00 ===

  https://block.xyz/careers
    Status: HTTP 200 | Jobs: N/A
  https://block.xyz/careers/jobs
    Status: HTTP 200 | Jobs: N/A
  https://www.block.xyz/careers
    Status: HTTP 200 | Jobs: N/A
  https://jobs.block.xyz
    Status: ERROR | Jobs: N/A
  https://boards-api.greenhouse.io/v1/boards/block/jobs
    Status: HTTP 200 | Jobs: 170 jobs
  https://boards-api.greenhouse.io/v1/boards/squareup/jobs
    Status: HTTP 404 | Jobs: N/A
  https://boards-api.greenhouse.io/v1/boards/blockinc/jobs
    Status: HTTP 404 | Jobs: N/A

  Log saved: /Users/Research/Library/Mobile Documents/com~apple~CloudDocs/Agents/EquityVault/30_Companies/XYZ/careers_monitor_log.json

============================================================
🚨 ALERT: JOBS DETECTED — RUN FULL SCRAPE
============================================================
=== Block Careers Monitor — 2026-05-03 08:00 ===

  https://block.xyz/careers
    Status: HTTP 200 | Jobs: N/A
  https://block.xyz/careers/jobs
    Status: HTTP 200 | Jobs: N/A
  https://www.block.xyz/careers
    Status: HTTP 200 | Jobs: N/A
  https://jobs.block.xyz
    Status: ERROR | Jobs: N/A
  https://boards-api.greenhouse.io/v1/boards/block/jobs
    Status: HTTP 200 | Jobs: 170 jobs
  https://boards-api.greenhouse.io/v1/boards/squareup/jobs
    Status: HTTP 404 | Jobs: N/A
  https://boards-api.greenhouse.io/v1/boards/blockinc/jobs
    Status: HTTP 404 | Jobs: N/A

  Log saved: /Users/Research/Library/Mobile Documents/com~apple~CloudDocs/Agents/EquityVault/30_Companies/XYZ/careers_monitor_log.json

============================================================
🚨 ALERT: JOBS DETECTED — RUN FULL SCRAPE
============================================================
=== Block Careers Monitor — 2026-05-04 08:00 ===

  https://block.xyz/careers
    Status: HTTP 200 | Jobs: N/A
  https://block.xyz/careers/jobs
    Status: HTTP 200 | Jobs: N/A
  https://www.block.xyz/careers
    Status: HTTP 200 | Jobs: N/A
  https://jobs.block.xyz
    Status: ERROR | Jobs: N/A
  https://boards-api.greenhouse.io/v1/boards/block/jobs
    Status: HTTP 200 | Jobs: 170 jobs
  https://boards-api.greenhouse.io/v1/boards/squareup/jobs
    Status: HTTP 404 | Jobs: N/A
  https://boards-api.greenhouse.io/v1/boards/blockinc/jobs
    Status: HTTP 404 | Jobs: N/A

  Log saved: /Users/Research/Library/Mobile Documents/com~apple~CloudDocs/Agents/EquityVault/30_Companies/XYZ/careers_monitor_log.json

============================================================
🚨 ALERT: JOBS DETECTED — RUN FULL SCRAPE
============================================================
=== Block Careers Monitor — 2026-05-05 08:00 ===

  https://block.xyz/careers
    Status: HTTP 200 | Jobs: N/A
  https://block.xyz/careers/jobs
    Status: HTTP 200 | Jobs: N/A
  https://www.block.xyz/careers
    Status: HTTP 200 | Jobs: N/A
  https://jobs.block.xyz
    Status: ERROR | Jobs: N/A
  https://boards-api.greenhouse.io/v1/boards/block/jobs
    Status: HTTP 200 | Jobs: 174 jobs
  https://boards-api.greenhouse.io/v1/boards/squareup/jobs
    Status: HTTP 404 | Jobs: N/A
  https://boards-api.greenhouse.io/v1/boards/blockinc/jobs
    Status: HTTP 404 | Jobs: N/A

  Log saved: /Users/Research/Library/Mobile Documents/com~apple~CloudDocs/Agents/EquityVault/30_Companies/XYZ/careers_monitor_log.json

============================================================
🚨 ALERT: JOBS DETECTED — RUN FULL SCRAPE
============================================================
=== Block Careers Monitor — 2026-05-06 08:00 ===

  https://block.xyz/careers
    Status: HTTP 200 | Jobs: N/A
  https://block.xyz/careers/jobs
    Status: HTTP 200 | Jobs: N/A
  https://www.block.xyz/careers
    Status: HTTP 200 | Jobs: N/A
  https://jobs.block.xyz
    Status: ERROR | Jobs: N/A
  https://boards-api.greenhouse.io/v1/boards/block/jobs
    Status: HTTP 200 | Jobs: 177 jobs
  https://boards-api.greenhouse.io/v1/boards/squareup/jobs
    Status: HTTP 404 | Jobs: N/A
  https://boards-api.greenhouse.io/v1/boards/blockinc/jobs
    Status: HTTP 404 | Jobs: N/A

  Log saved: /Users/Research/Library/Mobile Documents/com~apple~CloudDocs/Agents/EquityVault/30_Companies/XYZ/careers_monitor_log.json

============================================================
🚨 ALERT: JOBS DETECTED — RUN FULL SCRAPE
============================================================
Fatal Python error: init_import_site: Failed to import the site module
Python runtime state: initialized
Traceback (most recent call last):
  File "<frozen importlib._bootstrap>", line 1360, in _find_and_load
  File "<frozen importlib._bootstrap>", line 1331, in _find_and_load_unlocked
  File "<frozen importlib._bootstrap>", line 935, in _load_unlocked
  File "<frozen importlib._bootstrap>", line 1176, in exec_module
  File "<frozen site>", line 636, in <module>
  File "<frozen site>", line 619, in main
  File "<frozen site>", line 537, in venv
PermissionError: [Errno 1] Operation not permitted: '/Users/Research/Library/Mobile Documents/com~apple~CloudDocs/Agents/EquityVault/scripts/.venv/pyvenv.cfg'
Fatal Python error: init_import_site: Failed to import the site module
Python runtime state: initialized
Traceback (most recent call last):
  File "<frozen importlib._bootstrap>", line 1360, in _find_and_load
  File "<frozen importlib._bootstrap>", line 1331, in _find_and_load_unlocked
  File "<frozen importlib._bootstrap>", line 935, in _load_unlocked
  File "<frozen importlib._bootstrap>", line 1176, in exec_module
  File "<frozen site>", line 636, in <module>
  File "<frozen site>", line 619, in main
  File "<frozen site>", line 537, in venv
PermissionError: [Errno 1] Operation not permitted: '/Users/Research/Library/Mobile Documents/com~apple~CloudDocs/Agents/EquityVault/scripts/.venv/pyvenv.cfg'
Fatal Python error: init_import_site: Failed to import the site module
Python runtime state: initialized
Traceback (most recent call last):
  File "<frozen importlib._bootstrap>", line 1360, in _find_and_load
  File "<frozen importlib._bootstrap>", line 1331, in _find_and_load_unlocked
  File "<frozen importlib._bootstrap>", line 935, in _load_unlocked
  File "<frozen importlib._bootstrap>", line 1176, in exec_module
  File "<frozen site>", line 636, in <module>
  File "<frozen site>", line 619, in main
  File "<frozen site>", line 537, in venv
PermissionError: [Errno 1] Operation not permitted: '/Users/Research/Library/Mobile Documents/com~apple~CloudDocs/Agents/EquityVault/scripts/.venv/pyvenv.cfg'
Fatal Python error: init_import_site: Failed to import the site module
Python runtime state: initialized
Traceback (most recent call last):
  File "<frozen importlib._bootstrap>", line 1360, in _find_and_load
  File "<frozen importlib._bootstrap>", line 1331, in _find_and_load_unlocked
  File "<frozen importlib._bootstrap>", line 935, in _load_unlocked
  File "<frozen importlib._bootstrap>", line 1176, in exec_module
  File "<frozen site>", line 636, in <module>
  File "<frozen site>", line 619, in main
  File "<frozen site>", line 537, in venv
PermissionError: [Errno 1] Operation not permitted: '/Users/Research/Library/Mobile Documents/com~apple~CloudDocs/Agents/EquityVault/scripts/.venv/pyvenv.cfg'
Fatal Python error: init_import_site: Failed to import the site module
Python runtime state: initialized
Traceback (most recent call last):
  File "<frozen importlib._bootstrap>", line 1360, in _find_and_load
  File "<frozen importlib._bootstrap>", line 1331, in _find_and_load_unlocked
  File "<frozen importlib._bootstrap>", line 935, in _load_unlocked
  File "<frozen importlib._bootstrap>", line 1176, in exec_module
  File "<frozen site>", line 636, in <module>
  File "<frozen site>", line 619, in main
  File "<frozen site>", line 537, in venv
PermissionError: [Errno 1] Operation not permitted: '/Users/Research/Library/Mobile Documents/com~apple~CloudDocs/Agents/EquityVault/scripts/.venv/pyvenv.cfg'
Fatal Python error: init_import_site: Failed to import the site module
Python runtime state: initialized
Traceback (most recent call last):
  File "<frozen importlib._bootstrap>", line 1360, in _find_and_load
  File "<frozen importlib._bootstrap>", line 1331, in _find_and_load_unlocked
  File "<frozen importlib._bootstrap>", line 935, in _load_unlocked
  File "<frozen importlib._bootstrap>", line 1176, in exec_module
  File "<frozen site>", line 636, in <module>
  File "<frozen site>", line 619, in main
  File "<frozen site>", line 537, in venv
PermissionError: [Errno 1] Operation not permitted: '/Users/Research/Library/Mobile Documents/com~apple~CloudDocs/Agents/EquityVault/scripts/.venv/pyvenv.cfg'
Fatal Python error: init_import_site: Failed to import the site module
Python runtime state: initialized
Traceback (most recent call last):
  File "<frozen importlib._bootstrap>", line 1360, in _find_and_load
  File "<frozen importlib._bootstrap>", line 1331, in _find_and_load_unlocked
  File "<frozen importlib._bootstrap>", line 935, in _load_unlocked
  File "<frozen importlib._bootstrap>", line 1176, in exec_module
  File "<frozen site>", line 636, in <module>
  File "<frozen site>", line 619, in main
  File "<frozen site>", line 537, in venv
PermissionError: [Errno 1] Operation not permitted: '/Users/Research/Library/Mobile Documents/com~apple~CloudDocs/Agents/EquityVault/scripts/.venv/pyvenv.cfg'
Fatal Python error: init_import_site: Failed to import the site module
Python runtime state: initialized
Traceback (most recent call last):
  File "<frozen importlib._bootstrap>", line 1360, in _find_and_load
  File "<frozen importlib._bootstrap>", line 1331, in _find_and_load_unlocked
  File "<frozen importlib._bootstrap>", line 935, in _load_unlocked
  File "<frozen importlib._bootstrap>", line 1176, in exec_module
  File "<frozen site>", line 636, in <module>
  File "<frozen site>", line 619, in main
  File "<frozen site>", line 537, in venv
PermissionError: [Errno 1] Operation not permitted: '/Users/Research/Library/Mobile Documents/com~apple~CloudDocs/Agents/EquityVault/scripts/.venv/pyvenv.cfg'
Fatal Python error: init_import_site: Failed to import the site module
Python runtime state: initialized
Traceback (most recent call last):
  File "<frozen importlib._bootstrap>", line 1360, in _find_and_load
  File "<frozen importlib._bootstrap>", line 1331, in _find_and_load_unlocked
  File "<frozen importlib._bootstrap>", line 935, in _load_unlocked
  File "<frozen importlib._bootstrap>", line 1176, in exec_module
  File "<frozen site>", line 636, in <module>
  File "<frozen site>", line 619, in main
  File "<frozen site>", line 537, in venv
PermissionError: [Errno 1] Operation not permitted: '/Users/Research/Library/Mobile Documents/com~apple~CloudDocs/Agents/EquityVault/scripts/.venv/pyvenv.cfg'
Fatal Python error: init_import_site: Failed to import the site module
Python runtime state: initialized
Traceback (most recent call last):
  File "<frozen importlib._bootstrap>", line 1360, in _find_and_load
  File "<frozen importlib._bootstrap>", line 1331, in _find_and_load_unlocked
  File "<frozen importlib._bootstrap>", line 935, in _load_unlocked
  File "<frozen importlib._bootstrap>", line 1176, in exec_module
  File "<frozen site>", line 636, in <module>
  File "<frozen site>", line 619, in main
  File "<frozen site>", line 537, in venv
PermissionError: [Errno 1] Operation not permitted: '/Users/Research/Library/Mobile Documents/com~apple~CloudDocs/Agents/EquityVault/scripts/.venv/pyvenv.cfg'
Fatal Python error: init_import_site: Failed to import the site module
Python runtime state: initialized
Traceback (most recent call last):
  File "<frozen importlib._bootstrap>", line 1360, in _find_and_load
  File "<frozen importlib._bootstrap>", line 1331, in _find_and_load_unlocked
  File "<frozen importlib._bootstrap>", line 935, in _load_unlocked
  File "<frozen importlib._bootstrap>", line 1176, in exec_module
  File "<frozen site>", line 636, in <module>
  File "<frozen site>", line 619, in main
  File "<frozen site>", line 537, in venv
PermissionError: [Errno 1] Operation not permitted: '/Users/Research/Library/Mobile Documents/com~apple~CloudDocs/Agents/EquityVault/scripts/.venv/pyvenv.cfg'
Fatal Python error: init_import_site: Failed to import the site module
Python runtime state: initialized
Traceback (most recent call last):
  File "<frozen importlib._bootstrap>", line 1360, in _find_and_load
  File "<frozen importlib._bootstrap>", line 1331, in _find_and_load_unlocked
  File "<frozen importlib._bootstrap>", line 935, in _load_unlocked
  File "<frozen importlib._bootstrap>", line 1176, in exec_module
  File "<frozen site>", line 636, in <module>
  File "<frozen site>", line 619, in main
  File "<frozen site>", line 537, in venv
PermissionError: [Errno 1] Operation not permitted: '/Users/Research/Library/Mobile Documents/com~apple~CloudDocs/Agents/EquityVault/scripts/.venv/pyvenv.cfg'
Fatal Python error: init_import_site: Failed to import the site module
Python runtime state: initialized
Traceback (most recent call last):
  File "<frozen importlib._bootstrap>", line 1360, in _find_and_load
  File "<frozen importlib._bootstrap>", line 1331, in _find_and_load_unlocked
  File "<frozen importlib._bootstrap>", line 935, in _load_unlocked
  File "<frozen importlib._bootstrap>", line 1176, in exec_module
  File "<frozen site>", line 636, in <module>
  File "<frozen site>", line 619, in main
  File "<frozen site>", line 537, in venv
PermissionError: [Errno 1] Operation not permitted: '/Users/Research/Library/Mobile Documents/com~apple~CloudDocs/Agents/EquityVault/scripts/.venv/pyvenv.cfg'
Fatal Python error: init_import_site: Failed to import the site module
Python runtime state: initialized
Traceback (most recent call last):
  File "<frozen importlib._bootstrap>", line 1360, in _find_and_load
  File "<frozen importlib._bootstrap>", line 1331, in _find_and_load_unlocked
  File "<frozen importlib._bootstrap>", line 935, in _load_unlocked
  File "<frozen importlib._bootstrap>", line 1176, in exec_module
  File "<frozen site>", line 636, in <module>
  File "<frozen site>", line 619, in main
  File "<frozen site>", line 537, in venv
PermissionError: [Errno 1] Operation not permitted: '/Users/Research/Library/Mobile Documents/com~apple~CloudDocs/Agents/EquityVault/scripts/.venv/pyvenv.cfg'
Fatal Python error: init_import_site: Failed to import the site module
Python runtime state: initialized
Traceback (most recent call last):
  File "<frozen importlib._bootstrap>", line 1360, in _find_and_load
  File "<frozen importlib._bootstrap>", line 1331, in _find_and_load_unlocked
  File "<frozen importlib._bootstrap>", line 935, in _load_unlocked
  File "<frozen importlib._bootstrap>", line 1176, in exec_module
  File "<frozen site>", line 636, in <module>
  File "<frozen site>", line 619, in main
  File "<frozen site>", line 537, in venv
PermissionError: [Errno 1] Operation not permitted: '/Users/Research/Library/Mobile Documents/com~apple~CloudDocs/Agents/EquityVault/scripts/.venv/pyvenv.cfg'
Fatal Python error: init_import_site: Failed to import the site module
Python runtime state: initialized
Traceback (most recent call last):
  File "<frozen importlib._bootstrap>", line 1360, in _find_and_load
  File "<frozen importlib._bootstrap>", line 1331, in _find_and_load_unlocked
  File "<frozen importlib._bootstrap>", line 935, in _load_unlocked
  File "<frozen importlib._bootstrap>", line 1176, in exec_module
  File "<frozen site>", line 636, in <module>
  File "<frozen site>", line 619, in main
  File "<frozen site>", line 537, in venv
PermissionError: [Errno 1] Operation not permitted: '/Users/Research/Library/Mobile Documents/com~apple~CloudDocs/Agents/EquityVault/scripts/.venv/pyvenv.cfg'
Fatal Python error: init_import_site: Failed to import the site module
Python runtime state: initialized
Traceback (most recent call last):
  File "<frozen importlib._bootstrap>", line 1360, in _find_and_load
  File "<frozen importlib._bootstrap>", line 1331, in _find_and_load_unlocked
  File "<frozen importlib._bootstrap>", line 935, in _load_unlocked
  File "<frozen importlib._bootstrap>", line 1176, in exec_module
  File "<frozen site>", line 636, in <module>
  File "<frozen site>", line 619, in main
  File "<frozen site>", line 537, in venv
PermissionError: [Errno 1] Operation not permitted: '/Users/Research/Library/Mobile Documents/com~apple~CloudDocs/Agents/EquityVault/scripts/.venv/pyvenv.cfg'
Fatal Python error: init_import_site: Failed to import the site module
Python runtime state: initialized
Traceback (most recent call last):
  File "<frozen importlib._bootstrap>", line 1360, in _find_and_load
  File "<frozen importlib._bootstrap>", line 1331, in _find_and_load_unlocked
  File "<frozen importlib._bootstrap>", line 935, in _load_unlocked
  File "<frozen importlib._bootstrap>", line 1176, in exec_module
  File "<frozen site>", line 636, in <module>
  File "<frozen site>", line 619, in main
  File "<frozen site>", line 537, in venv
PermissionError: [Errno 1] Operation not permitted: '/Users/Research/Library/Mobile Documents/com~apple~CloudDocs/Agents/EquityVault/scripts/.venv/pyvenv.cfg'
Fatal Python error: init_import_site: Failed to import the site module
Python runtime state: initialized
Traceback (most recent call last):
  File "<frozen importlib._bootstrap>", line 1360, in _find_and_load
  File "<frozen importlib._bootstrap>", line 1331, in _find_and_load_unlocked
  File "<frozen importlib._bootstrap>", line 935, in _load_unlocked
  File "<frozen importlib._bootstrap>", line 1176, in exec_module
  File "<frozen site>", line 636, in <module>
  File "<frozen site>", line 619, in main
  File "<frozen site>", line 537, in venv
PermissionError: [Errno 1] Operation not permitted: '/Users/Research/Library/Mobile Documents/com~apple~CloudDocs/Agents/EquityVault/scripts/.venv/pyvenv.cfg'
Fatal Python error: init_import_site: Failed to import the site module
Python runtime state: initialized
Traceback (most recent call last):
  File "<frozen importlib._bootstrap>", line 1360, in _find_and_load
  File "<frozen importlib._bootstrap>", line 1331, in _find_and_load_unlocked
  File "<frozen importlib._bootstrap>", line 935, in _load_unlocked
  File "<frozen importlib._bootstrap>", line 1176, in exec_module
  File "<frozen site>", line 636, in <module>
  File "<frozen site>", line 619, in main
  File "<frozen site>", line 537, in venv
PermissionError: [Errno 1] Operation not permitted: '/Users/Research/Library/Mobile Documents/com~apple~CloudDocs/Agents/EquityVault/scripts/.venv/pyvenv.cfg'
Fatal Python error: init_import_site: Failed to import the site module
Python runtime state: initialized
Traceback (most recent call last):
  File "<frozen importlib._bootstrap>", line 1360, in _find_and_load
  File "<frozen importlib._bootstrap>", line 1331, in _find_and_load_unlocked
  File "<frozen importlib._bootstrap>", line 935, in _load_unlocked
  File "<frozen importlib._bootstrap>", line 1176, in exec_module
  File "<frozen site>", line 636, in <module>
  File "<frozen site>", line 619, in main
  File "<frozen site>", line 537, in venv
PermissionError: [Errno 1] Operation not permitted: '/Users/Research/Library/Mobile Documents/com~apple~CloudDocs/Agents/EquityVault/scripts/.venv/pyvenv.cfg'
